17:51:04.928 [NamespaceSystem-akka.actor.default-dispatcher-5] INFO akka.event.slf4j.Slf4jLogger - Slf4jLogger started
17:51:05.019 [main] INFO com.firebase.server.forge.App$ - Listening at 127.0.0.1:9000
17:51:05.555 [NamespaceSystem-akka.actor.default-dispatcher-5] INFO com.firebase.core.namespace.NamespaceActor - pokerplanner-379422-default-rtdb successfully activated FBKV (SurveyIdle(0)) wait: 71ms, init: 0ms
17:51:05.588 [NamespaceSystem-blocking-namespace-operation-dispatcher-7] INFO com.firebase.core.namespace.StateManager - Namespace pokerplanner-379422-default-rtdb status Active to Active
17:51:08.464 [FirebaseWorkerPool-1-3] WARN com.firebase.core.persistence.backend.dummy.EmulatorMetadataPersistence - Multiple projectIds are not recommended in single project mode. Requested 
namespace pokerplanner-379422, but the emulator is configured for pokerplanner-379422-default-rtdb. To 
opt-out of single project mode add/set the singleProjectMode: false property in 
the firebase.json emulators config. 
17:51:08.468 [NamespaceSystem-akka.actor.default-dispatcher-6] INFO com.firebase.core.namespace.NamespaceActor - pokerplanner-379422 successfully activated FBKV (SurveyIdle(0)) wait: 1ms, init: 0ms
19:59:33.981 [NamespaceSystem-akka.actor.default-dispatcher-99] INFO com.firebase.core.namespace.DeadLetterResponder - Message TaggedDataPush(List(),com.firebase.util.data.SparseMergeRenderable@1036765354,26) meant for other actor akka://NamespaceSystem/user/pokerplanner-379422-default-rtdb/$Y from akka://NamespaceSystem/deadLetters went to deadletter actor
19:59:33.985 [NamespaceSystem-akka.actor.default-dispatcher-99] INFO com.firebase.core.namespace.DeadLetterResponder - Message TaggedDataPush(List(rooms),com.firebase.util.data.SparseMergeRenderable@1368986719,798) meant for other actor akka://NamespaceSystem/user/pokerplanner-379422-default-rtdb/$Y from akka://NamespaceSystem/deadLetters went to deadletter actor
20:01:48.795 [NamespaceSystem-akka.actor.default-dispatcher-99] INFO com.firebase.core.namespace.DeadLetterResponder - Message TaggedDataPush(List(),com.firebase.util.data.SparseMergeRenderable@2117519572,26) meant for other actor akka://NamespaceSystem/user/pokerplanner-379422-default-rtdb/$Z from akka://NamespaceSystem/deadLetters went to deadletter actor
20:01:48.795 [NamespaceSystem-akka.actor.default-dispatcher-99] INFO com.firebase.core.namespace.DeadLetterResponder - Message TaggedDataPush(List(rooms),com.firebase.util.data.SparseMergeRenderable@1729368225,802) meant for other actor akka://NamespaceSystem/user/pokerplanner-379422-default-rtdb/$Z from akka://NamespaceSystem/deadLetters went to deadletter actor
22:37:09.900 [NamespaceSystem-akka.actor.default-dispatcher-67] INFO com.firebase.core.namespace.DeadLetterResponder - Message TaggedDataPush(List(),com.firebase.util.data.SparseMergeRenderable@1491100110,26) meant for other actor akka://NamespaceSystem/user/pokerplanner-379422-default-rtdb/$Ub from akka://NamespaceSystem/deadLetters went to deadletter actor
22:37:09.904 [NamespaceSystem-akka.actor.default-dispatcher-67] INFO com.firebase.core.namespace.DeadLetterResponder - Message TaggedDataPush(List(rooms),com.firebase.util.data.SparseMergeRenderable@1747547666,1340) meant for other actor akka://NamespaceSystem/user/pokerplanner-379422-default-rtdb/$Ub from akka://NamespaceSystem/deadLetters went to deadletter actor
22:27:39.136 [NamespaceSystem-akka.actor.default-dispatcher-521] INFO com.firebase.core.namespace.DeadLetterResponder - Message TaggedDataPush(List(),com.firebase.util.data.SparseMergeRenderable@404273542,1) meant for other actor akka://NamespaceSystem/user/pokerplanner-379422-default-rtdb/$jc from akka://NamespaceSystem/deadLetters went to deadletter actor
22:27:39.143 [NamespaceSystem-akka.actor.default-dispatcher-521] INFO com.firebase.core.namespace.DeadLetterResponder - Message TaggedDataPush(List(rooms),com.firebase.util.data.SparseMergeRenderable@383735029,2) meant for other actor akka://NamespaceSystem/user/pokerplanner-379422-default-rtdb/$jc from akka://NamespaceSystem/deadLetters went to deadletter actor
18:01:36.727 [NamespaceSystem-akka.actor.default-dispatcher-703] INFO com.firebase.core.namespace.DeadLetterResponder - Message TaggedDataPush(List(),com.firebase.util.data.SparseMergeRenderable@1040081233,1) meant for other actor akka://NamespaceSystem/user/pokerplanner-379422-default-rtdb/$Zc from akka://NamespaceSystem/deadLetters went to deadletter actor
18:01:36.732 [NamespaceSystem-akka.actor.default-dispatcher-703] INFO com.firebase.core.namespace.DeadLetterResponder - Message TaggedDataPush(List(rooms),com.firebase.util.data.SparseMergeRenderable@859412638,46) meant for other actor akka://NamespaceSystem/user/pokerplanner-379422-default-rtdb/$Zc from akka://NamespaceSystem/deadLetters went to deadletter actor
22:05:52.041 [NamespaceSystem-akka.actor.default-dispatcher-932] WARN com.firebase.core.namespace.client.DataClientActor - unhandled event Unauthorized(No record of client) in state AwaitingClose
11:14:28.960 [NamespaceSystem-akka.actor.default-dispatcher-928] INFO com.firebase.core.namespace.DeadLetterResponder - Message TaggedDataPush(List(),com.firebase.util.data.SparseMergeRenderable@229191251,1) meant for other actor akka://NamespaceSystem/user/pokerplanner-379422-default-rtdb/$xe from akka://NamespaceSystem/deadLetters went to deadletter actor
11:14:28.967 [NamespaceSystem-akka.actor.default-dispatcher-928] INFO com.firebase.core.namespace.DeadLetterResponder - Message TaggedDataPush(List(rooms),com.firebase.util.data.SparseMergeRenderable@1219207554,1448) meant for other actor akka://NamespaceSystem/user/pokerplanner-379422-default-rtdb/$xe from akka://NamespaceSystem/deadLetters went to deadletter actor
18:55:05.981 [NamespaceSystem-akka.actor.default-dispatcher-1144] INFO com.firebase.core.namespace.DeadLetterResponder - Message TaggedDataPush(List(),com.firebase.util.data.SparseMergeRenderable@1164575014,1) meant for other actor akka://NamespaceSystem/user/pokerplanner-379422-default-rtdb/$We from akka://NamespaceSystem/deadLetters went to deadletter actor
18:55:05.986 [NamespaceSystem-akka.actor.default-dispatcher-1144] INFO com.firebase.core.namespace.DeadLetterResponder - Message TaggedDataPush(List(rooms),com.firebase.util.data.SparseMergeRenderable@1096125779,1807) meant for other actor akka://NamespaceSystem/user/pokerplanner-379422-default-rtdb/$We from akka://NamespaceSystem/deadLetters went to deadletter actor
20:38:12.772 [NamespaceSystem-akka.actor.default-dispatcher-1204] INFO com.firebase.core.namespace.DeadLetterResponder - Message TaggedDataPush(List(),com.firebase.util.data.SparseMergeRenderable@281489251,1) meant for other actor akka://NamespaceSystem/user/pokerplanner-379422-default-rtdb/$df from akka://NamespaceSystem/deadLetters went to deadletter actor
20:38:12.779 [NamespaceSystem-akka.actor.default-dispatcher-1204] INFO com.firebase.core.namespace.DeadLetterResponder - Message TaggedDataPush(List(rooms),com.firebase.util.data.SparseMergeRenderable@503370507,1869) meant for other actor akka://NamespaceSystem/user/pokerplanner-379422-default-rtdb/$df from akka://NamespaceSystem/deadLetters went to deadletter actor
16:27:49.123 [NamespaceSystem-akka.actor.default-dispatcher-1302] INFO com.firebase.core.namespace.DeadLetterResponder - Message TaggedDataPush(List(),com.firebase.util.data.SparseMergeRenderable@83364626,1) meant for other actor akka://NamespaceSystem/user/pokerplanner-379422-default-rtdb/$vf from akka://NamespaceSystem/deadLetters went to deadletter actor
16:27:49.127 [NamespaceSystem-akka.actor.default-dispatcher-1302] INFO com.firebase.core.namespace.DeadLetterResponder - Message TaggedDataPush(List(rooms),com.firebase.util.data.SparseMergeRenderable@171959805,1926) meant for other actor akka://NamespaceSystem/user/pokerplanner-379422-default-rtdb/$vf from akka://NamespaceSystem/deadLetters went to deadletter actor
13:28:43.682 [NamespaceSystem-akka.actor.default-dispatcher-1310] INFO com.firebase.core.namespace.DeadLetterResponder - Message TaggedDataPush(List(),com.firebase.util.data.SparseMergeRenderable@8017270,1) meant for other actor akka://NamespaceSystem/user/pokerplanner-379422-default-rtdb/$Bf from akka://NamespaceSystem/deadLetters went to deadletter actor
13:28:43.688 [NamespaceSystem-akka.actor.default-dispatcher-1310] INFO com.firebase.core.namespace.DeadLetterResponder - Message TaggedDataPush(List(rooms),com.firebase.util.data.SparseMergeRenderable@1165544221,1945) meant for other actor akka://NamespaceSystem/user/pokerplanner-379422-default-rtdb/$Bf from akka://NamespaceSystem/deadLetters went to deadletter actor
